<?xml version="1.0" encoding="UTF-8"?>
<testsuite xmlns:xsi="http://www.w3.org/2001/XMLSchema-instance" xsi:noNamespaceSchemaLocation="https://maven.apache.org/surefire/maven-surefire-plugin/xsd/surefire-test-report.xsd" name="com.example.helloWorld.TesteAlineaATestTest" time="0.006" tests="1" errors="0" skipped="0" failures="1">
  <properties>
[...]
</properties>
  <testcase name="com.example.helloWorld.TesteAlineaATestTest.testeAlineaA" classname="com.example.helloWorld.TesteAlineaATestTest" time="0.001">
    <failure message="Cannot invoke &quot;org.openqa.selenium.WebDriver.get(String)&quot; because &quot;this.driver&quot; is null" type="java.lang.NullPointerException">java.lang.NullPointerException: Cannot invoke "org.openqa.selenium.WebDriver.get(String)" because "this.driver" is null
	at com.example.helloWorld.TesteAlineaATestTest.testeAlineaA(TesteAlineaATestTest.java:35)
</failure>
  </testcase>
</testsuite>