<?xml version="1.0" encoding="UTF-8"?>
<testsuite xmlns:xsi="http://www.w3.org/2001/XMLSchema-instance" xsi:noNamespaceSchemaLocation="https://maven.apache.org/surefire/maven-surefire-plugin/xsd/surefire-test-report.xsd" name="com.example.DockerBrowserTest" time="12.403" tests="2" errors="2" skipped="0" failures="0">
  <properties>
[...]
</properties>
  <testcase name="testWithDockerEdge{RemoteWebDriver}" classname="com.example.DockerBrowserTest" time="9.316">
    <error message="Cannot invoke &quot;org.openqa.selenium.remote.RemoteWebDriver.get(String)&quot; because &quot;driver&quot; is null" type="java.lang.NullPointerException">java.lang.NullPointerException: Cannot invoke "org.openqa.selenium.remote.RemoteWebDriver.get(String)" because "driver" is null
	at com.example.DockerBrowserTest.testWithDockerEdge(DockerBrowserTest.java:24)
</error>
    <system-err><![CDATA[Starting Microsoft Edge WebDriver 111.0.1661.43 (b6e9cbf64f5a49997370859b5c1c28a3a25b3477) on port 34990
To submit feedback, report a bug, or suggest new features, please visit https://github.com/MicrosoftEdge/EdgeWebDriver

Only local connections are allowed.
Please see https://aka.ms/WebDriverSecurity for suggestions on keeping Microsoft Edge WebDriver safe.

Microsoft Edge WebDriver was started successfully.
]]></system-err>
  </testcase>
  <testcase name="testWithDockerOpera{RemoteWebDriver}" classname="com.example.DockerBrowserTest" time="3.084">
    <error message="Cannot invoke &quot;org.openqa.selenium.remote.RemoteWebDriver.get(String)&quot; because &quot;driver&quot; is null" type="java.lang.NullPointerException">java.lang.NullPointerException: Cannot invoke "org.openqa.selenium.remote.RemoteWebDriver.get(String)" because "driver" is null
	at com.example.DockerBrowserTest.testWithDockerOpera(DockerBrowserTest.java:18)
</error>
    <system-err><![CDATA[Starting OperaDriver 110.0.5481.100 (4be7a36f7cb943af6118e449bbab494b43dcaddd-refs/branch-heads/5481_77@{#14}) on port 60055
Only local connections are allowed.
Please see https://chromedriver.chromium.org/security-considerations for suggestions on keeping OperaDriver safe.
OperaDriver was started successfully.
]]></system-err>
  </testcase>
</testsuite>