<?xml version="1.0" encoding="UTF-8"?>
<testsuite xmlns:xsi="http://www.w3.org/2001/XMLSchema-instance" xsi:noNamespaceSchemaLocation="https://maven.apache.org/surefire/maven-surefire-plugin/xsd/surefire-test-report.xsd" name="com.PedroC55.RestAssureTest" time="3.122" tests="3" errors="0" skipped="0" failures="0">
  <properties>
[...]
</properties>
  <testcase name="testListAllToDosInclude198And199" classname="com.PedroC55.RestAssureTest" time="2.595"/>
  <testcase name="queryToDo4" classname="com.PedroC55.RestAssureTest" time="0.39"/>
  <testcase name="testAPIEndpoint" classname="com.PedroC55.RestAssureTest" time="0.121"/>
</testsuite>